<?xml version="1.0" encoding="UTF-8"?>
<!-- Generated by org.testng.reporters.JUnitReportReporter -->
<testsuite hostname="LAPTOP-PJ7L08O1" failures="0" tests="1" name="cucumber.TestNGTestRunner" time="34.498" errors="0" timestamp="27 Feb 2023 07:36:55 GMT" skipped="0">
  <testcase classname="cucumber.TestNGTestRunner" name="runScenario" time="34.498"/>
</testsuite> <!-- cucumber.TestNGTestRunner -->
